#
# There is insufficient memory for the Java Runtime Environment to continue.
# Native memory allocation (malloc) failed to allocate 83856 bytes for Chunk::new
# Possible reasons:
#   The system is out of physical RAM or swap space
#   The process is running with CompressedOops enabled, and the Java Heap may be blocking the growth of the native heap
# Possible solutions:
#   Reduce memory load on the system
#   Increase physical memory or swap space
#   Check if swap backing store is full
#   Decrease Java heap size (-Xmx/-Xms)
#   Decrease number of Java threads
#   Decrease Java thread stack sizes (-Xss)
#   Set larger code cache with -XX:ReservedCodeCacheSize=
#   JVM is running with Unscaled Compressed Oops mode in which the Java heap is
#     placed in the first 4GB address space. The Java Heap base address is the
#     maximum limit for the native heap growth. Please use -XX:HeapBaseMinAddress
#     to set the Java Heap base and to place the Java Heap above 4GB virtual address.
# This output file may be truncated or incomplete.
#
#  Out of Memory Error (allocation.cpp:389), pid=244, tid=0x0000000000000768
#
# JRE version: OpenJDK Runtime Environment (8.0_202-b03) (build 1.8.0_202-release-1483-b03)
# Java VM: OpenJDK 64-Bit Server VM (25.202-b03 mixed mode windows-amd64 compressed oops)
# Failed to write core dump. Minidumps are not enabled by default on client versions of Windows
#

---------------  T H R E A D  ---------------

Current thread (0x0000000016530800):  JavaThread "C2 CompilerThread1" daemon [_thread_in_native, id=1896, stack(0x0000000017cc0000,0x0000000017dc0000)]

Stack: [0x0000000017cc0000,0x0000000017dc0000]
[error occurred during error reporting (printing stack bounds), id 0xc0000005]

Native frames: (J=compiled Java code, j=interpreted, Vv=VM code, C=native code)


Current CompileTask:
C2:  16203 1415       4       java.util.regex.Matcher::match (109 bytes)


---------------  P R O C E S S  ---------------

Java Threads: ( => current thread )
  0x00000000195f1800 JavaThread "Thread-9" [_thread_blocked, id=9240, stack(0x000000001ae30000,0x000000001af30000)]
  0x0000000019233800 JavaThread "Stdin handler" [_thread_blocked, id=7956, stack(0x000000001ad30000,0x000000001ae30000)]
  0x000000001922f800 JavaThread "Asynchronous log dispatcher for DefaultDaemonConnection: socket connection from /127.0.0.1:53887 to /127.0.0.1:53888" [_thread_blocked, id=6940, stack(0x000000001ac30000,0x000000001ad30000)]
  0x0000000018129800 JavaThread "Daemon worker" [_thread_in_Java, id=8100, stack(0x000000001ab30000,0x000000001ac30000)]
  0x0000000018128800 JavaThread "Cancel handler" [_thread_blocked, id=7460, stack(0x000000001aa30000,0x000000001ab30000)]
  0x0000000018ab1800 JavaThread "Handler for socket connection from /127.0.0.1:53887 to /127.0.0.1:53888" [_thread_in_native, id=6836, stack(0x000000001a730000,0x000000001a830000)]
  0x0000000018aad000 JavaThread "Daemon" [_thread_blocked, id=7360, stack(0x000000001a630000,0x000000001a730000)]
  0x00000000189c2000 JavaThread "Daemon periodic checks" [_thread_blocked, id=588, stack(0x000000001a530000,0x000000001a630000)]
  0x00000000193f0000 JavaThread "Incoming local TCP Connector on port 53887" [_thread_in_native, id=2232, stack(0x000000001a2d0000,0x000000001a3d0000)]
  0x0000000018f72000 JavaThread "Daemon health stats" [_thread_blocked, id=2924, stack(0x0000000019c90000,0x0000000019d90000)]
  0x0000000017eea800 JavaThread "Service Thread" daemon [_thread_blocked, id=7540, stack(0x00000000182c0000,0x00000000183c0000)]
  0x000000001653a000 JavaThread "C1 CompilerThread2" daemon [_thread_blocked, id=4680, stack(0x0000000017dc0000,0x0000000017ec0000)]
=>0x0000000016530800 JavaThread "C2 CompilerThread1" daemon [_thread_in_native, id=1896, stack(0x0000000017cc0000,0x0000000017dc0000)]
  0x0000000016537800 JavaThread "C2 CompilerThread0" daemon [_thread_in_native, id=9704, stack(0x0000000017bc0000,0x0000000017cc0000)]
  0x0000000016536800 JavaThread "Attach Listener" daemon [_thread_blocked, id=2440, stack(0x0000000017ac0000,0x0000000017bc0000)]
  0x0000000016535000 JavaThread "Signal Dispatcher" daemon [_thread_blocked, id=2448, stack(0x00000000179c0000,0x0000000017ac0000)]
  0x0000000002bb6000 JavaThread "Finalizer" daemon [_thread_blocked, id=4804, stack(0x00000000177a0000,0x00000000178a0000)]
  0x0000000016519000 JavaThread "Reference Handler" daemon [_thread_blocked, id=260, stack(0x00000000176a0000,0x00000000177a0000)]
  0x0000000002abd800 JavaThread "main" [_thread_blocked, id=4708, stack(0x0000000002910000,0x0000000002a10000)]

Other Threads:
  0x00000000164f6800 VMThread [stack: 0x00000000175a0000,0x00000000176a0000] [id=9640]
  0x0000000017eeb000 WatcherThread [stack: 0x00000000183c0000,0x00000000184c0000] [id=5052]

VM state:not at safepoint (normal execution)

VM Mutex/Monitor currently owned by a thread: None

heap address: 0x00000000a0000000, size: 1536 MB, Compressed Oops mode: 32-bit
Narrow klass base: 0x0000000000000000, Narrow klass shift: 3
Compressed class space size: 1073741824 Address: 0x0000000100000000

Heap:
 PSYoungGen      total 45056K, used 20165K [0x00000000e0000000, 0x00000000e2f00000, 0x0000000100000000)
  eden space 41984K, 40% used [0x00000000e0000000,0x00000000e10b9748,0x00000000e2900000)
  from space 3072K, 98% used [0x00000000e2900000,0x00000000e2bf8020,0x00000000e2c00000)
  to   space 3072K, 0% used [0x00000000e2c00000,0x00000000e2c00000,0x00000000e2f00000)
 ParOldGen       total 54784K, used 4258K [0x00000000a0000000, 0x00000000a3580000, 0x00000000e0000000)
  object space 54784K, 7% used [0x00000000a0000000,0x00000000a0428918,0x00000000a3580000)
 Metaspace       used 13593K, capacity 14052K, committed 14336K, reserved 1060864K
  class space    used 1866K, capacity 2002K, committed 2048K, reserved 1048576K

Card table byte_map: [0x0000000011f80000,0x0000000012290000] byte_map_base: 0x0000000011a80000

Marking Bits: (ParMarkBitMap*) 0x0000000074239f30
 Begin Bits: [0x0000000012890000, 0x0000000014090000)
 End Bits:   [0x0000000014090000, 0x0000000015890000)

Polling page: 0x00000000010e0000

CodeCache: size=245760Kb used=4621Kb max_used=4913Kb free=241138Kb
 bounds [0x0000000002bc0000, 0x0000000003090000, 0x0000000011bc0000]
 total_blobs=1700 nmethods=1321 adapters=292
 compilation: enabled

Compilation events (10 events):
Event: 16.163 Thread 0x000000001653a000 1410       3       java.lang.Character::digit (10 bytes)
Event: 16.163 Thread 0x000000001653a000 nmethod 1410 0x000000000308ab90 code [0x000000000308ad00, 0x000000000308af38]
Event: 16.164 Thread 0x000000001653a000 1411       3       java.lang.Long::valueOf (36 bytes)
Event: 16.164 Thread 0x000000001653a000 nmethod 1411 0x000000000308b010 code [0x000000000308b180, 0x000000000308b4f0]
Event: 16.164 Thread 0x000000001653a000 1413       3       java.util.AbstractCollection::toArray (147 bytes)
Event: 16.165 Thread 0x0000000016530800 1415       4       java.util.regex.Matcher::match (109 bytes)
Event: 16.166 Thread 0x0000000016537800 1417       4       java.util.ArrayList::get (11 bytes)
Event: 16.167 Thread 0x000000001653a000 nmethod 1413 0x000000000308b6d0 code [0x000000000308b940, 0x000000000308ca98]
Event: 16.167 Thread 0x000000001653a000 1416       3       java.lang.Integer::parseInt (261 bytes)
Event: 16.168 Thread 0x0000000016537800 nmethod 1417 0x0000000003087910 code [0x0000000003087a40, 0x0000000003087af8]

GC Heap History (6 events):
Event: 4.499 GC heap before
{Heap before GC invocations=1 (full 0):
 PSYoungGen      total 24064K, used 20992K [0x00000000e0000000, 0x00000000e1a80000, 0x0000000100000000)
  eden space 20992K, 100% used [0x00000000e0000000,0x00000000e1480000,0x00000000e1480000)
  from space 3072K, 0% used [0x00000000e1780000,0x00000000e1780000,0x00000000e1a80000)
  to   space 3072K, 0% used [0x00000000e1480000,0x00000000e1480000,0x00000000e1780000)
 ParOldGen       total 54784K, used 0K [0x00000000a0000000, 0x00000000a3580000, 0x00000000e0000000)
  object space 54784K, 0% used [0x00000000a0000000,0x00000000a0000000,0x00000000a3580000)
 Metaspace       used 6569K, capacity 6804K, committed 7040K, reserved 1056768K
  class space    used 804K, capacity 848K, committed 896K, reserved 1048576K
Event: 4.581 GC heap after
Heap after GC invocations=1 (full 0):
 PSYoungGen      total 24064K, used 3060K [0x00000000e0000000, 0x00000000e2f00000, 0x0000000100000000)
  eden space 20992K, 0% used [0x00000000e0000000,0x00000000e0000000,0x00000000e1480000)
  from space 3072K, 99% used [0x00000000e1480000,0x00000000e177d160,0x00000000e1780000)
  to   space 3072K, 0% used [0x00000000e2c00000,0x00000000e2c00000,0x00000000e2f00000)
 ParOldGen       total 54784K, used 500K [0x00000000a0000000, 0x00000000a3580000, 0x00000000e0000000)
  object space 54784K, 0% used [0x00000000a0000000,0x00000000a007d1e8,0x00000000a3580000)
 Metaspace       used 6569K, capacity 6804K, committed 7040K, reserved 1056768K
  class space    used 804K, capacity 848K, committed 896K, reserved 1048576K
}
Event: 5.527 GC heap before
{Heap before GC invocations=2 (full 0):
 PSYoungGen      total 24064K, used 24052K [0x00000000e0000000, 0x00000000e2f00000, 0x0000000100000000)
  eden space 20992K, 100% used [0x00000000e0000000,0x00000000e1480000,0x00000000e1480000)
  from space 3072K, 99% used [0x00000000e1480000,0x00000000e177d160,0x00000000e1780000)
  to   space 3072K, 0% used [0x00000000e2c00000,0x00000000e2c00000,0x00000000e2f00000)
 ParOldGen       total 54784K, used 500K [0x00000000a0000000, 0x00000000a3580000, 0x00000000e0000000)
  object space 54784K, 0% used [0x00000000a0000000,0x00000000a007d1e8,0x00000000a3580000)
 Metaspace       used 7086K, capacity 7348K, committed 7680K, reserved 1056768K
  class space    used 860K, capacity 944K, committed 1024K, reserved 1048576K
Event: 5.572 GC heap after
Heap after GC invocations=2 (full 0):
 PSYoungGen      total 45056K, used 2624K [0x00000000e0000000, 0x00000000e2f00000, 0x0000000100000000)
  eden space 41984K, 0% used [0x00000000e0000000,0x00000000e0000000,0x00000000e2900000)
  from space 3072K, 85% used [0x00000000e2c00000,0x00000000e2e900d8,0x00000000e2f00000)
  to   space 3072K, 0% used [0x00000000e2900000,0x00000000e2900000,0x00000000e2c00000)
 ParOldGen       total 54784K, used 508K [0x00000000a0000000, 0x00000000a3580000, 0x00000000e0000000)
  object space 54784K, 0% used [0x00000000a0000000,0x00000000a007f1e8,0x00000000a3580000)
 Metaspace       used 7086K, capacity 7348K, committed 7680K, reserved 1056768K
  class space    used 860K, capacity 944K, committed 1024K, reserved 1048576K
}
Event: 13.223 GC heap before
{Heap before GC invocations=3 (full 0):
 PSYoungGen      total 45056K, used 44608K [0x00000000e0000000, 0x00000000e2f00000, 0x0000000100000000)
  eden space 41984K, 100% used [0x00000000e0000000,0x00000000e2900000,0x00000000e2900000)
  from space 3072K, 85% used [0x00000000e2c00000,0x00000000e2e900d8,0x00000000e2f00000)
  to   space 3072K, 0% used [0x00000000e2900000,0x00000000e2900000,0x00000000e2c00000)
 ParOldGen       total 54784K, used 508K [0x00000000a0000000, 0x00000000a3580000, 0x00000000e0000000)
  object space 54784K, 0% used [0x00000000a0000000,0x00000000a007f1e8,0x00000000a3580000)
 Metaspace       used 12352K, capacity 12798K, committed 13056K, reserved 1060864K
  class space    used 1667K, capacity 1775K, committed 1792K, reserved 1048576K
Event: 13.241 GC heap after
Heap after GC invocations=3 (full 0):
 PSYoungGen      total 45056K, used 3040K [0x00000000e0000000, 0x00000000e2f00000, 0x0000000100000000)
  eden space 41984K, 0% used [0x00000000e0000000,0x00000000e0000000,0x00000000e2900000)
  from space 3072K, 98% used [0x00000000e2900000,0x00000000e2bf8020,0x00000000e2c00000)
  to   space 3072K, 0% used [0x00000000e2c00000,0x00000000e2c00000,0x00000000e2f00000)
 ParOldGen       total 54784K, used 4258K [0x00000000a0000000, 0x00000000a3580000, 0x00000000e0000000)
  object space 54784K, 7% used [0x00000000a0000000,0x00000000a0428918,0x00000000a3580000)
 Metaspace       used 12352K, capacity 12798K, committed 13056K, reserved 1060864K
  class space    used 1667K, capacity 1775K, committed 1792K, reserved 1048576K
}

Deoptimization events (10 events):
Event: 12.386 Thread 0x0000000018129800 Uncommon trap: reason=class_check action=maybe_recompile pc=0x0000000002e47ff8 method=java.util.HashMap.putVal(ILjava/lang/Object;Ljava/lang/Object;ZZ)Ljava/lang/Object; @ 203
Event: 12.386 Thread 0x0000000018129800 Uncommon trap: reason=bimorphic action=maybe_recompile pc=0x0000000002e47d30 method=java.util.HashMap.putVal(ILjava/lang/Object;Ljava/lang/Object;ZZ)Ljava/lang/Object; @ 253
Event: 12.386 Thread 0x0000000018129800 Uncommon trap: reason=bimorphic action=maybe_recompile pc=0x0000000002e47d30 method=java.util.HashMap.putVal(ILjava/lang/Object;Ljava/lang/Object;ZZ)Ljava/lang/Object; @ 253
Event: 12.386 Thread 0x0000000018129800 Uncommon trap: reason=bimorphic action=maybe_recompile pc=0x0000000002e47d30 method=java.util.HashMap.putVal(ILjava/lang/Object;Ljava/lang/Object;ZZ)Ljava/lang/Object; @ 253
Event: 12.386 Thread 0x0000000018129800 Uncommon trap: reason=bimorphic action=maybe_recompile pc=0x0000000002e47d30 method=java.util.HashMap.putVal(ILjava/lang/Object;Ljava/lang/Object;ZZ)Ljava/lang/Object; @ 253
Event: 12.386 Thread 0x0000000018129800 Uncommon trap: reason=bimorphic action=maybe_recompile pc=0x0000000002e4f030 method=java.util.HashMap.putVal(ILjava/lang/Object;Ljava/lang/Object;ZZ)Ljava/lang/Object; @ 253
Event: 15.933 Thread 0x0000000018129800 Uncommon trap: reason=class_check action=maybe_recompile pc=0x0000000002e9fe5c method=java.util.regex.Matcher.match(II)Z @ 86
Event: 16.082 Thread 0x0000000018129800 Uncommon trap: reason=class_check action=maybe_recompile pc=0x0000000002e9fe5c method=java.util.regex.Matcher.match(II)Z @ 86
Event: 16.084 Thread 0x0000000018129800 Uncommon trap: reason=class_check action=maybe_recompile pc=0x0000000002e9fe5c method=java.util.regex.Matcher.match(II)Z @ 86
Event: 16.087 Thread 0x0000000018129800 Uncommon trap: reason=class_check action=maybe_recompile pc=0x0000000002e654c8 method=java.util.regex.Matcher.match(II)Z @ 86

Classes redefined (0 events):
No events

Internal exceptions (10 events):
Event: 11.904 Thread 0x0000000018ab1800 Exception <a 'java/lang/NoSuchMethodError': <clinit>> (0x00000000e20ae518) thrown at [D:\src\AOSP-openjdk-cygwin\jdk8u\hotspot\src\share\vm\prims\jni.cpp, line 1614]
Event: 11.965 Thread 0x0000000018ab1800 Exception <a 'java/lang/NoSuchMethodError': <clinit>> (0x00000000e20c16d8) thrown at [D:\src\AOSP-openjdk-cygwin\jdk8u\hotspot\src\share\vm\prims\jni.cpp, line 1614]
Event: 12.000 Thread 0x0000000018ab1800 Exception <a 'java/lang/NoSuchMethodError': <clinit>> (0x00000000e20e8b30) thrown at [D:\src\AOSP-openjdk-cygwin\jdk8u\hotspot\src\share\vm\prims\jni.cpp, line 1614]
Event: 12.071 Thread 0x0000000018ab1800 Exception <a 'java/lang/NoSuchMethodError': <clinit>> (0x00000000e2100b48) thrown at [D:\src\AOSP-openjdk-cygwin\jdk8u\hotspot\src\share\vm\prims\jni.cpp, line 1614]
Event: 12.073 Thread 0x0000000018ab1800 Exception <a 'java/lang/NoSuchMethodError': <clinit>> (0x00000000e21097d8) thrown at [D:\src\AOSP-openjdk-cygwin\jdk8u\hotspot\src\share\vm\prims\jni.cpp, line 1614]
Event: 12.078 Thread 0x0000000018ab1800 Exception <a 'java/lang/NoSuchMethodError': <clinit>> (0x00000000e211fda8) thrown at [D:\src\AOSP-openjdk-cygwin\jdk8u\hotspot\src\share\vm\prims\jni.cpp, line 1614]
Event: 12.135 Thread 0x0000000018ab1800 Exception <a 'java/lang/NoSuchMethodError': <clinit>> (0x00000000e21807e0) thrown at [D:\src\AOSP-openjdk-cygwin\jdk8u\hotspot\src\share\vm\prims\jni.cpp, line 1614]
Event: 12.162 Thread 0x0000000018ab1800 Exception <a 'java/lang/NoSuchMethodError': <clinit>> (0x00000000e21ad580) thrown at [D:\src\AOSP-openjdk-cygwin\jdk8u\hotspot\src\share\vm\prims\jni.cpp, line 1614]
Event: 12.191 Thread 0x0000000018ab1800 Exception <a 'java/lang/NoSuchMethodError': <clinit>> (0x00000000e21db968) thrown at [D:\src\AOSP-openjdk-cygwin\jdk8u\hotspot\src\share\vm\prims\jni.cpp, line 1614]
Event: 12.193 Thread 0x0000000018ab1800 Exception <a 'java/lang/NoSuchMethodError': <clinit>> (0x00000000e21e6c68) thrown at [D:\src\AOSP-openjdk-cygwin\jdk8u\hotspot\src\share\vm\prims\jni.cpp, line 1614]

Events (10 events):
Event: 16.087 Thread 0x0000000018129800 DEOPT PACKING pc=0x0000000002e654c8 sp=0x000000001ac2b220
Event: 16.087 Thread 0x0000000018129800 DEOPT UNPACKING pc=0x0000000002c0557b sp=0x000000001ac2b1f8 mode 2
Event: 16.087 loading class java/util/TreeMap$KeySet
Event: 16.104 loading class java/util/TreeMap$KeySet done
Event: 16.104 loading class java/util/TreeMap$Values
Event: 16.105 loading class java/util/TreeMap$Values done
Event: 16.105 loading class org/gradle/cache/internal/CacheVersion
Event: 16.105 loading class org/gradle/cache/internal/CacheVersion done
Event: 16.107 loading class org/apache/commons/lang/ArrayUtils
Event: 16.107 loading class org/apache/commons/lang/ArrayUtils done


Dynamic libraries:
0x00007ff616b30000 - 0x00007ff616b61000 	C:\Program Files\Android\Android Studio\jre\bin\java.exe
0x00007ffecdf00000 - 0x00007ffece0f0000 	C:\Windows\SYSTEM32\ntdll.dll
0x00007ffecc800000 - 0x00007ffecc8b2000 	C:\Windows\System32\KERNEL32.DLL
0x00007ffecafe0000 - 0x00007ffecb283000 	C:\Windows\System32\KERNELBASE.dll
0x00007ffecdb00000 - 0x00007ffecdba3000 	C:\Windows\System32\ADVAPI32.dll
0x00007ffecd7a0000 - 0x00007ffecd83e000 	C:\Windows\System32\msvcrt.dll
0x00007ffecdbb0000 - 0x00007ffecdc47000 	C:\Windows\System32\sechost.dll
0x00007ffecd990000 - 0x00007ffecdab0000 	C:\Windows\System32\RPCRT4.dll
0x00007ffecdd20000 - 0x00007ffecdeb3000 	C:\Windows\System32\USER32.dll
0x00007ffecb3b0000 - 0x00007ffecb3d1000 	C:\Windows\System32\win32u.dll
0x00007ffecc8c0000 - 0x00007ffecc8e6000 	C:\Windows\System32\GDI32.dll
0x00007ffecb640000 - 0x00007ffecb7d4000 	C:\Windows\System32\gdi32full.dll
0x00007ffecb310000 - 0x00007ffecb3ae000 	C:\Windows\System32\msvcp_win.dll
0x00007ffecb540000 - 0x00007ffecb63a000 	C:\Windows\System32\ucrtbase.dll
0x00007ffebe120000 - 0x00007ffebe3a5000 	C:\Windows\WinSxS\amd64_microsoft.windows.common-controls_6595b64144ccf1df_6.0.18362.295_none_e6c3acbd13101292\COMCTL32.dll
0x00007ffecc370000 - 0x00007ffecc6a6000 	C:\Windows\System32\combase.dll
0x00007ffecb490000 - 0x00007ffecb510000 	C:\Windows\System32\bcryptPrimitives.dll
0x00007ffecdad0000 - 0x00007ffecdafe000 	C:\Windows\System32\IMM32.DLL
0x0000000073990000 - 0x0000000073a62000 	C:\Program Files\Android\Android Studio\jre\jre\bin\msvcr100.dll
0x0000000073a70000 - 0x00000000742b6000 	C:\Program Files\Android\Android Studio\jre\jre\bin\server\jvm.dll
0x00007ffecc6b0000 - 0x00007ffecc6b8000 	C:\Windows\System32\PSAPI.DLL
0x00007ffec7600000 - 0x00007ffec7609000 	C:\Windows\SYSTEM32\WSOCK32.dll
0x00007ffec8f00000 - 0x00007ffec8f24000 	C:\Windows\SYSTEM32\WINMM.dll
0x00007ffecc1c0000 - 0x00007ffecc22f000 	C:\Windows\System32\WS2_32.dll
0x00007ffec3180000 - 0x00007ffec318a000 	C:\Windows\SYSTEM32\VERSION.dll
0x00007ffec8ed0000 - 0x00007ffec8efd000 	C:\Windows\SYSTEM32\WINMMBASE.dll
0x00007ffecb7e0000 - 0x00007ffecb82a000 	C:\Windows\System32\cfgmgr32.dll
0x00007ffec6240000 - 0x00007ffec624f000 	C:\Program Files\Android\Android Studio\jre\jre\bin\verify.dll
0x00007ffebd980000 - 0x00007ffebd9a9000 	C:\Program Files\Android\Android Studio\jre\jre\bin\java.dll
0x00007ffebe3c0000 - 0x00007ffebe3d6000 	C:\Program Files\Android\Android Studio\jre\jre\bin\zip.dll
0x00007ffecd050000 - 0x00007ffecd732000 	C:\Windows\System32\SHELL32.dll
0x00007ffecc750000 - 0x00007ffecc7f9000 	C:\Windows\System32\shcore.dll
0x00007ffecb830000 - 0x00007ffecbfac000 	C:\Windows\System32\windows.storage.dll
0x00007ffecae20000 - 0x00007ffecae3f000 	C:\Windows\System32\profapi.dll
0x00007ffecae40000 - 0x00007ffecae8a000 	C:\Windows\System32\powrprof.dll
0x00007ffecadd0000 - 0x00007ffecade0000 	C:\Windows\System32\UMPDC.dll
0x00007ffecd850000 - 0x00007ffecd8a2000 	C:\Windows\System32\shlwapi.dll
0x00007ffecade0000 - 0x00007ffecadf1000 	C:\Windows\System32\kernel.appcore.dll
0x00007ffecb290000 - 0x00007ffecb2a7000 	C:\Windows\System32\cryptsp.dll
0x00007ffebd960000 - 0x00007ffebd97a000 	C:\Program Files\Android\Android Studio\jre\jre\bin\net.dll
0x00007ffeca640000 - 0x00007ffeca6a7000 	C:\Windows\system32\mswsock.dll
0x00007ffebd940000 - 0x00007ffebd951000 	C:\Program Files\Android\Android Studio\jre\jre\bin\nio.dll
0x00007ffeb23c0000 - 0x00007ffeb23e6000 	C:\Users\HP\.gradle\native\29\windows-amd64\native-platform.dll
0x00007ffec61d0000 - 0x00007ffec61dd000 	C:\Program Files\Android\Android Studio\jre\jre\bin\management.dll
0x00007ffeca1b0000 - 0x00007ffeca1e3000 	C:\Windows\system32\rsaenh.dll
0x00007ffecb510000 - 0x00007ffecb536000 	C:\Windows\System32\bcrypt.dll
0x00007ffecacf0000 - 0x00007ffecad15000 	C:\Windows\SYSTEM32\USERENV.dll
0x00007ffeca810000 - 0x00007ffeca81c000 	C:\Windows\SYSTEM32\CRYPTBASE.dll
0x00007ffeca350000 - 0x00007ffeca38a000 	C:\Windows\SYSTEM32\IPHLPAPI.DLL
0x00007ffecc6c0000 - 0x00007ffecc6c8000 	C:\Windows\System32\NSI.dll
0x00007ffec2000000 - 0x00007ffec2016000 	C:\Windows\SYSTEM32\dhcpcsvc6.DLL
0x00007ffec3420000 - 0x00007ffec343c000 	C:\Windows\SYSTEM32\dhcpcsvc.DLL
0x00007ffeca390000 - 0x00007ffeca45a000 	C:\Windows\SYSTEM32\DNSAPI.dll

VM Arguments:
jvm_args: -Xmx1536m -Dfile.encoding=windows-1252 -Duser.country=MX -Duser.language=es -Duser.variant 
java_command: org.gradle.launcher.daemon.bootstrap.GradleDaemon 5.4.1
java_class_path (initial): C:\Users\HP\.gradle\wrapper\dists\gradle-5.4.1-all\3221gyojl5jsh0helicew7rwx\gradle-5.4.1\lib\gradle-launcher-5.4.1.jar
Launcher Type: SUN_STANDARD

Environment Variables:
PATH=C:\Program Files (x86)\Common Files\Oracle\Java\javapath;C:\Program Files\AdoptOpenJDK\jdk-8.0.222.10-hotspot\bin;C:\ProgramData\Oracle\Java\javapath;C:\Windows\system32;C:\Windows;C:\Windows\System32\Wbem;C:\Windows\System32\WindowsPowerShell\v1.0\;C:\Windows\System32\OpenSSH\;C:\Program Files\Git\cmd;C:\Users\HP\AppData\Local\Microsoft\WindowsApps;
USERNAME=HP
OS=Windows_NT
PROCESSOR_IDENTIFIER=AMD64 Family 22 Model 48 Stepping 1, AuthenticAMD



---------------  S Y S T E M  ---------------

OS: Windows 10.0 , 64 bit Build 18362 (10.0.18362.86)

CPU:total 4 (initial active 4) (4 cores per cpu, 1 threads per core) family 22 model 48 stepping 1, cmov, cx8, fxsr, mmx, sse, sse2, sse3, ssse3, sse4.1, sse4.2, popcnt, avx, aes, clmul, mmxext, 3dnowpref, lzcnt, sse4a, tsc, tscinvbit, tscinv, bmi1

Memory: 4k page, physical 5208432k(256164k free), swap 20937072k(1120k free)

vm_info: OpenJDK 64-Bit Server VM (25.202-b03) for windows-amd64 JRE (1.8.0_202-release-1483-b03), built by "builder" with MS VC++ 10.0 (VS2010)

time: Tue Sep 03 23:36:17 2019
timezone: Hora de verano central (México)
elapsed time: 16 seconds (0d 0h 0m 16s)

